 300 310 320 330 
 300 310 320 330 
 300 310 320 330 
 300 310 320 330 
 300 310 320 330 
 300 310 320 330 
 300 310 320 330 
 300 310 320 330 
 300 310 320 330 
 300 310 320 330 
 300 310 320 330 
 300 310 320 330 
 300 310 320 330 
 300 310 320 330 
 300 310 320 330 
 300 310 320 330 
 300 310 320 330 340 350 360 370 
 300 310 320 330 340 350 360 370 
 300 310 320 330 340 350 360 370 
 300 310 320 330 340 350 360 370 
 300 310 320 330 340 350 360 370 
 300 310 320 330 340 350 360 370 
 300 310 320 330 340 350 360 370 
 300 310 320 330 340 350 360 370 
 300 310 320 330 
 300 310 320 330 
 300 310 320 330 
 300 310 320 330 
 300 310 320 330 
 300 310 320 330 
 300 310 320 330 
 300 310 320 330 
 300 310 320 330 
 300 310 320 330 
 300 310 320 330 
 300 310 320 330 
 300 310 320 330 
 300 310 320 330 
 300 310 320 330 
 300 310 320 330 
 300 310 320 330 
 300 310 320 330 
 300 310 320 330 
 300 310 320 330 
 300 310 320 330 
 300 310 320 330 
 300 310 320 330 
 300 310 320 330 
 300 310 320 330 340 350 360 370 
 300 310 320 330 340 350 360 370 
 300 310 320 330 340 350 360 370 
 300 310 320 330 340 350 360 370 
 300 310 320 330 340 350 360 370 
 300 310 320 330 340 350 360 370 
 300 310 320 330 340 350 360 370 
 300 310 320 330 340 350 360 370 
 300 310 320 330 340 350 360 370 
 300 310 320 330 340 350 360 370 
 300 310 320 330 340 350 360 370 
 300 310 320 330 340 350 360 370 
 300 310 320 330 340 350 360 370 
 300 310 320 330 340 350 360 370 
 300 310 320 330 340 350 360 370 
 300 310 320 330 340 350 360 370 
 300 310 320 330 340 350 360 370 
 300 310 320 330 340 350 360 370 
 300 310 320 330 340 350 360 370 
 300 310 320 330 340 350 360 370 
 300 310 320 330 340 350 360 370 
 300 310 320 330 340 350 360 370 
 300 310 320 330 340 350 360 370 
 300 310 320 330 340 350 360 370 
 300 310 320 330 340 350 360 370 
 300 310 320 330 340 350 360 370 
 300 310 320 330 340 350 360 370 
 300 310 320 330 340 350 360 370 
 300 310 320 330 340 350 360 370 
 300 310 320 330 340 350 360 370 
 300 310 320 330 340 350 360 370 
 300 310 320 330 340 350 360 370 
 300 310 320 330 340 350 360 370 
 300 310 320 330 340 350 360 370 
 300 310 320 330 340 350 360 370 
 300 310 320 330 340 350 360 370 
 300 310 320 330 340 350 360 370 
